{"total": {"lines":{"total":167,"covered":59,"skipped":0,"pct":35.33},"statements":{"total":170,"covered":60,"skipped":0,"pct":35.29},"functions":{"total":51,"covered":27,"skipped":0,"pct":52.94},"branches":{"total":66,"covered":20,"skipped":0,"pct":30.3}}
,"/Users/dobe0002/Desktop/KimStuff/Projects/sync-github-labels/lint-staged.config.js": {"lines":{"total":2,"covered":0,"skipped":0,"pct":0},"functions":{"total":2,"covered":0,"skipped":0,"pct":0},"statements":{"total":3,"covered":0,"skipped":0,"pct":0},"branches":{"total":0,"covered":0,"skipped":0,"pct":100}}
,"/Users/dobe0002/Desktop/KimStuff/Projects/sync-github-labels/sync.js": {"lines":{"total":25,"covered":0,"skipped":0,"pct":0},"functions":{"total":0,"covered":0,"skipped":0,"pct":100},"statements":{"total":25,"covered":0,"skipped":0,"pct":0},"branches":{"total":4,"covered":0,"skipped":0,"pct":0}}
,"/Users/dobe0002/Desktop/KimStuff/Projects/sync-github-labels/src/models/Label.js": {"lines":{"total":14,"covered":14,"skipped":0,"pct":100},"functions":{"total":8,"covered":8,"skipped":0,"pct":100},"statements":{"total":14,"covered":14,"skipped":0,"pct":100},"branches":{"total":7,"covered":7,"skipped":0,"pct":100}}
,"/Users/dobe0002/Desktop/KimStuff/Projects/sync-github-labels/src/models/Repo.js": {"lines":{"total":16,"covered":16,"skipped":0,"pct":100},"functions":{"total":7,"covered":7,"skipped":0,"pct":100},"statements":{"total":16,"covered":16,"skipped":0,"pct":100},"branches":{"total":7,"covered":7,"skipped":0,"pct":100}}
,"/Users/dobe0002/Desktop/KimStuff/Projects/sync-github-labels/src/models/SyncOptions.js": {"lines":{"total":41,"covered":0,"skipped":0,"pct":0},"functions":{"total":12,"covered":0,"skipped":0,"pct":0},"statements":{"total":41,"covered":0,"skipped":0,"pct":0},"branches":{"total":26,"covered":0,"skipped":0,"pct":0}}
,"/Users/dobe0002/Desktop/KimStuff/Projects/sync-github-labels/src/service/GetLabels.js": {"lines":{"total":20,"covered":20,"skipped":0,"pct":100},"functions":{"total":8,"covered":8,"skipped":0,"pct":100},"statements":{"total":21,"covered":21,"skipped":0,"pct":100},"branches":{"total":2,"covered":2,"skipped":0,"pct":100}}
,"/Users/dobe0002/Desktop/KimStuff/Projects/sync-github-labels/src/service/Git.js": {"lines":{"total":10,"covered":9,"skipped":0,"pct":90},"functions":{"total":4,"covered":4,"skipped":0,"pct":100},"statements":{"total":10,"covered":9,"skipped":0,"pct":90},"branches":{"total":5,"covered":4,"skipped":0,"pct":80}}
,"/Users/dobe0002/Desktop/KimStuff/Projects/sync-github-labels/src/service/Sync.js": {"lines":{"total":23,"covered":0,"skipped":0,"pct":0},"functions":{"total":7,"covered":0,"skipped":0,"pct":0},"statements":{"total":23,"covered":0,"skipped":0,"pct":0},"branches":{"total":8,"covered":0,"skipped":0,"pct":0}}
,"/Users/dobe0002/Desktop/KimStuff/Projects/sync-github-labels/src/service/log.js": {"lines":{"total":16,"covered":0,"skipped":0,"pct":0},"functions":{"total":3,"covered":0,"skipped":0,"pct":0},"statements":{"total":17,"covered":0,"skipped":0,"pct":0},"branches":{"total":7,"covered":0,"skipped":0,"pct":0}}
}
